# JRE version: OpenJDK Runtime Environment (7.0_79-b14) (build 1.7.0_79-b14)
# Java VM: OpenJDK 64-Bit Server VM (24.79-b02 mixed mode linux-amd64 compressed oops)
Heap
 PSYoungGen      total 37376K, used 24617K [0x00000007d5500000, 0x00000007d9e00000, 0x0000000800000000)
  eden space 32256K, 64% used [0x00000007d5500000,0x00000007d696b500,0x00000007d7480000)
  from space 5120K, 72% used [0x00000007d7480000,0x00000007d781ef70,0x00000007d7980000)
  to   space 5120K, 0% used [0x00000007d9900000,0x00000007d9900000,0x00000007d9e00000)
 ParOldGen       total 84480K, used 7516K [0x0000000780000000, 0x0000000785280000, 0x00000007d5500000)
  object space 84480K, 8% used [0x0000000780000000,0x0000000780757030,0x0000000785280000)
 PSPermGen       total 21504K, used 18724K [0x0000000775a00000, 0x0000000776f00000, 0x0000000780000000)
  object space 21504K, 87% used [0x0000000775a00000,0x0000000776c49228,0x0000000776f00000)
GC Heap History (6 events):
Event: 16.460 GC heap before
{Heap before GC invocations=1 (full 0):
 PSYoungGen      total 37376K, used 32256K [0x00000007d5500000, 0x00000007d7e80000, 0x0000000800000000)
  eden space 32256K, 100% used [0x00000007d5500000,0x00000007d7480000,0x00000007d7480000)
  from space 5120K, 0% used [0x00000007d7980000,0x00000007d7980000,0x00000007d7e80000)
  to   space 5120K, 0% used [0x00000007d7480000,0x00000007d7480000,0x00000007d7980000)
 ParOldGen       total 84480K, used 0K [0x0000000780000000, 0x0000000785280000, 0x00000007d5500000)
  object space 84480K, 0% used [0x0000000780000000,0x0000000780000000,0x0000000785280000)
 PSPermGen       total 21504K, used 18066K [0x0000000775a00000, 0x0000000776f00000, 0x0000000780000000)
  object space 21504K, 84% used [0x0000000775a00000,0x0000000776ba48b8,0x0000000776f00000)
Event: 16.466 GC heap after
Heap after GC invocations=1 (full 0):
 PSYoungGen      total 37376K, used 3960K [0x00000007d5500000, 0x00000007d7e80000, 0x0000000800000000)
  eden space 32256K, 0% used [0x00000007d5500000,0x00000007d5500000,0x00000007d7480000)
  from space 5120K, 77% used [0x00000007d7480000,0x00000007d785e3c0,0x00000007d7980000)
  to   space 5120K, 0% used [0x00000007d7980000,0x00000007d7980000,0x00000007d7e80000)
 ParOldGen       total 84480K, used 7508K [0x0000000780000000, 0x0000000785280000, 0x00000007d5500000)
  object space 84480K, 8% used [0x0000000780000000,0x0000000780755030,0x0000000785280000)
 PSPermGen       total 21504K, used 18066K [0x0000000775a00000, 0x0000000776f00000, 0x0000000780000000)
  object space 21504K, 84% used [0x0000000775a00000,0x0000000776ba48b8,0x0000000776f00000)
}
Event: 73.195 GC heap before
{Heap before GC invocations=2 (full 0):
 PSYoungGen      total 37376K, used 36216K [0x00000007d5500000, 0x00000007d7e80000, 0x0000000800000000)
  eden space 32256K, 100% used [0x00000007d5500000,0x00000007d7480000,0x00000007d7480000)
  from space 5120K, 77% used [0x00000007d7480000,0x00000007d785e3c0,0x00000007d7980000)
  to   space 5120K, 0% used [0x00000007d7980000,0x00000007d7980000,0x00000007d7e80000)
 ParOldGen       total 84480K, used 7508K [0x0000000780000000, 0x0000000785280000, 0x00000007d5500000)
  object space 84480K, 8% used [0x0000000780000000,0x0000000780755030,0x0000000785280000)
 PSPermGen       total 21504K, used 18706K [0x0000000775a00000, 0x0000000776f00000, 0x0000000780000000)
  object space 21504K, 86% used [0x0000000775a00000,0x0000000776c44908,0x0000000776f00000)
Event: 73.200 GC heap after
Heap after GC invocations=2 (full 0):
 PSYoungGen      total 37376K, used 3741K [0x00000007d5500000, 0x00000007d7e80000, 0x0000000800000000)
  eden space 32256K, 0% used [0x00000007d5500000,0x00000007d5500000,0x00000007d7480000)
  from space 5120K, 73% used [0x00000007d7980000,0x00000007d7d277a0,0x00000007d7e80000)
  to   space 5120K, 0% used [0x00000007d7480000,0x00000007d7480000,0x00000007d7980000)
 ParOldGen       total 84480K, used 7516K [0x0000000780000000, 0x0000000785280000, 0x00000007d5500000)
  object space 84480K, 8% used [0x0000000780000000,0x0000000780757030,0x0000000785280000)
 PSPermGen       total 21504K, used 18706K [0x0000000775a00000, 0x0000000776f00000, 0x0000000780000000)
  object space 21504K, 86% used [0x0000000775a00000,0x0000000776c44908,0x0000000776f00000)
}
Event: 73.270 GC heap before
{Heap before GC invocations=3 (full 0):
 PSYoungGen      total 37376K, used 35997K [0x00000007d5500000, 0x00000007d7e80000, 0x0000000800000000)
  eden space 32256K, 100% used [0x00000007d5500000,0x00000007d7480000,0x00000007d7480000)
  from space 5120K, 73% used [0x00000007d7980000,0x00000007d7d277a0,0x00000007d7e80000)
  to   space 5120K, 0% used [0x00000007d7480000,0x00000007d7480000,0x00000007d7980000)
 ParOldGen       total 84480K, used 7516K [0x0000000780000000, 0x0000000785280000, 0x00000007d5500000)
  object space 84480K, 8% used [0x0000000780000000,0x0000000780757030,0x0000000785280000)
 PSPermGen       total 21504K, used 18713K [0x0000000775a00000, 0x0000000776f00000, 0x0000000780000000)
  object space 21504K, 87% used [0x0000000775a00000,0x0000000776c46760,0x0000000776f00000)
Event: 73.273 GC heap after
Heap after GC invocations=3 (full 0):
 PSYoungGen      total 37376K, used 3707K [0x00000007d5500000, 0x00000007d9e00000, 0x0000000800000000)
  eden space 32256K, 0% used [0x00000007d5500000,0x00000007d5500000,0x00000007d7480000)
  from space 5120K, 72% used [0x00000007d7480000,0x00000007d781ef70,0x00000007d7980000)
  to   space 5120K, 0% used [0x00000007d9900000,0x00000007d9900000,0x00000007d9e00000)
 ParOldGen       total 84480K, used 7516K [0x0000000780000000, 0x0000000785280000, 0x00000007d5500000)
  object space 84480K, 8% used [0x0000000780000000,0x0000000780757030,0x0000000785280000)
 PSPermGen       total 21504K, used 18713K [0x0000000775a00000, 0x0000000776f00000, 0x0000000780000000)
  object space 21504K, 87% used [0x0000000775a00000,0x0000000776c46760,0x0000000776f00000)
}

